<?xml version="1.0" encoding="UTF-8"?>
<!-- Generated by org.testng.reporters.JUnitReportReporter -->
<testsuite hostname="DESKTOP-M8RIVEK" failures="0" tests="1" name="main.SBIBank" time="0.016" errors="0" timestamp="16 Jan 2019 19:48:40 GMT" skipped="0">
  <testcase classname="main.SBIBank" name="main" time="0.016"/>
</testsuite> <!-- main.SBIBank -->
