<?xml version="1.0" encoding="UTF-8"?>
<!-- Generated by org.testng.reporters.JUnitReportReporter -->
<testsuite hostname="DESKTOP-M8RIVEK" failures="0" tests="1" name="CollectionsFrameworkPractice.RemoveDuplivcates_In_LinkedList" time="0.016" errors="0" timestamp="02 Jan 2019 10:25:15 GMT" skipped="0">
  <testcase classname="CollectionsFrameworkPractice.RemoveDuplivcates_In_LinkedList" name="duplicates_Remove" time="0.016"/>
</testsuite> <!-- CollectionsFrameworkPractice.RemoveDuplivcates_In_LinkedList -->
