<?xml version="1.0" encoding="UTF-8"?>
<!-- Generated by org.testng.reporters.JUnitReportReporter -->
<testsuite hostname="DESKTOP-M8RIVEK" failures="0" tests="1" name="main.HomePageTest" time="17.067" errors="0" timestamp="30 Dec 2018 13:48:15 GMT" skipped="0">
  <testcase classname="main.HomePageTest" name="myOrdrs" time="17.067"/>
</testsuite> <!-- main.HomePageTest -->
