<?xml version="1.0" encoding="UTF-8"?>
<!-- Generated by org.testng.reporters.JUnitReportReporter -->
<testsuite hostname="DESKTOP-M8RIVEK" failures="0" tests="3" name="CollectionsFrameworkPractice.Pomtest" time="52.114" errors="0" timestamp="31 Jan 2019 15:30:47 GMT" skipped="2">
  <testcase classname="CollectionsFrameworkPractice.Pomtest" name="datePicker" time="52.114"/>
  <testcase classname="CollectionsFrameworkPractice.Pomtest" name="screenShot">
    <skipped/>
  </testcase> <!-- screenShot -->
  <testcase classname="CollectionsFrameworkPractice.Pomtest" name="launch">
    <skipped/>
  </testcase> <!-- launch -->
</testsuite> <!-- CollectionsFrameworkPractice.Pomtest -->
