<?xml version="1.0" encoding="UTF-8"?>
<!-- Generated by org.testng.reporters.JUnitReportReporter -->
<testsuite hostname="DESKTOP-M8RIVEK" failures="0" tests="1" name="CollectionsFrameworkPractice.ListPractice" time="0.004" errors="0" timestamp="29 Jan 2019 09:33:01 GMT" skipped="0">
  <testcase classname="CollectionsFrameworkPractice.ListPractice" name="arrayListPractice" time="0.004"/>
</testsuite> <!-- CollectionsFrameworkPractice.ListPractice -->
