<?xml version="1.0" encoding="UTF-8"?>
<!-- Generated by org.testng.reporters.JUnitReportReporter -->
<testsuite hostname="DESKTOP-M8RIVEK" failures="0" tests="1" name="main.TestingTest" time="17.529" errors="0" timestamp="30 Dec 2018 06:49:45 GMT" skipped="0">
  <testcase classname="main.TestingTest" name="f" time="17.529"/>
</testsuite> <!-- main.TestingTest -->
