<?xml version="1.0" encoding="UTF-8"?>
<!-- Generated by org.testng.reporters.JUnitReportReporter -->
<testsuite hostname="DESKTOP-M8RIVEK" failures="0" tests="1" name="main.PracticingTest" time="0.008" errors="0" timestamp="23 Jan 2019 08:39:55 GMT" skipped="0">
  <testcase classname="main.PracticingTest" name="f" time="0.008"/>
</testsuite> <!-- main.PracticingTest -->
