<?xml version="1.0" encoding="UTF-8"?>
<!-- Generated by org.testng.reporters.JUnitReportReporter -->
<testsuite hostname="DESKTOP-M8RIVEK" failures="0" tests="1" name="main.CollectionsTesting" time="0.014" errors="0" timestamp="29 Jan 2019 09:24:25 GMT" skipped="0">
  <testcase classname="main.CollectionsTesting" name="f" time="0.014"/>
</testsuite> <!-- main.CollectionsTesting -->
