<?xml version="1.0" encoding="UTF-8"?>
<!-- Generated by org.testng.reporters.JUnitReportReporter -->
<testsuite hostname="DESKTOP-M8RIVEK" failures="0" tests="1" name="CollectionsFrameworkPractice.NewTest" time="0.036" errors="0" timestamp="01 Feb 2019 17:13:53 GMT" skipped="0">
  <testcase classname="CollectionsFrameworkPractice.NewTest" name="f" time="0.036"/>
</testsuite> <!-- CollectionsFrameworkPractice.NewTest -->
