<?xml version="1.0" encoding="UTF-8"?>
<!-- Generated by org.testng.reporters.JUnitReportReporter -->
<testsuite hostname="DESKTOP-M8RIVEK" failures="0" tests="4" name="CollectionsFrameworkPractice.ListPractice" time="0.036" errors="0" timestamp="02 Jan 2019 10:40:52 GMT" skipped="0">
  <testcase classname="CollectionsFrameworkPractice.ListPractice" name="arrayListPractice" time="0.026"/>
  <testcase classname="CollectionsFrameworkPractice.ListPractice" name="linkedListPractice" time="0.002"/>
  <testcase classname="CollectionsFrameworkPractice.ListPractice" name="vectorPractice" time="0.004"/>
  <testcase classname="CollectionsFrameworkPractice.ListPractice" name="stackPractice" time="0.004"/>
</testsuite> <!-- CollectionsFrameworkPractice.ListPractice -->
