<?xml version="1.0" encoding="UTF-8"?>
<!-- Generated by org.testng.reporters.JUnitReportReporter -->
<testsuite hostname="DESKTOP-M8RIVEK" failures="0" tests="1" name="CollectionsFrameworkPractice.LinkedList" time="0.015" errors="0" timestamp="02 Jan 2019 08:37:56 GMT" skipped="0">
  <testcase classname="CollectionsFrameworkPractice.LinkedList" name="duplicates_Remove" time="0.015"/>
</testsuite> <!-- CollectionsFrameworkPractice.LinkedList -->
