<?xml version="1.0" encoding="UTF-8"?>
<!-- Generated by org.testng.reporters.JUnitReportReporter -->
<testsuite hostname="DESKTOP-M8RIVEK" failures="0" tests="3" name="CollectionsFrameworkPractice.SetPractice" time="0.026" errors="0" timestamp="29 Jan 2019 09:33:00 GMT" skipped="0">
  <testcase classname="CollectionsFrameworkPractice.SetPractice" name="hashhSetPractice" time="0.002"/>
  <testcase classname="CollectionsFrameworkPractice.SetPractice" name="linkedHashsetPractice" time="0.008"/>
  <testcase classname="CollectionsFrameworkPractice.SetPractice" name="TreeSetPractice" time="0.016"/>
</testsuite> <!-- CollectionsFrameworkPractice.SetPractice -->
