<?xml version="1.0" encoding="UTF-8"?>
<!-- Generated by org.testng.reporters.JUnitReportReporter -->
<testsuite hostname="DESKTOP-M8RIVEK" failures="0" tests="1" name="main.LogInTest" time="15.139" errors="0" timestamp="26 Jan 2019 18:34:09 GMT" skipped="0">
  <testcase classname="main.LogInTest" name="logInToPage" time="15.139"/>
</testsuite> <!-- main.LogInTest -->
