<?xml version="1.0" encoding="UTF-8"?>
<!-- Generated by org.testng.reporters.JUnitReportReporter -->
<testsuite hostname="DESKTOP-M8RIVEK" failures="0" tests="1" name="CollectionsFrameworkPractice.RemoveDuplivcates_In_LinkedList" time="0.007" errors="0" timestamp="29 Jan 2019 09:33:00 GMT" skipped="0">
  <testcase classname="CollectionsFrameworkPractice.RemoveDuplivcates_In_LinkedList" name="duplicates_Remove" time="0.007"/>
</testsuite> <!-- CollectionsFrameworkPractice.RemoveDuplivcates_In_LinkedList -->
