<?xml version="1.0" encoding="UTF-8"?>
<!-- Generated by org.testng.reporters.JUnitReportReporter -->
<testsuite hostname="DESKTOP-M8RIVEK" failures="0" tests="1" name="main.Pomtest" time="10.305" errors="0" timestamp="28 Jan 2019 19:17:44 GMT" skipped="0">
  <testcase classname="main.Pomtest" name="f" time="10.305"/>
</testsuite> <!-- main.Pomtest -->
