<?xml version="1.0" encoding="UTF-8"?>
<!-- Generated by org.testng.reporters.JUnitReportReporter -->
<testsuite hostname="DESKTOP-M8RIVEK" failures="0" tests="1" name="CollectionsFrameworkPractice.NewTest" time="0.112" errors="0" timestamp="30 Jan 2019 19:47:42 GMT" skipped="0">
  <testcase classname="CollectionsFrameworkPractice.NewTest" name="f" time="0.112"/>
</testsuite> <!-- CollectionsFrameworkPractice.NewTest -->
