<?xml version="1.0" encoding="UTF-8"?>
<!-- Generated by org.testng.reporters.JUnitReportReporter -->
<testsuite hostname="DESKTOP-M8RIVEK" failures="0" tests="1" name="CollectionsFrameworkPractice.Pomtest" time="13.684" errors="0" timestamp="29 Jan 2019 09:34:38 GMT" skipped="0">
  <testcase classname="CollectionsFrameworkPractice.Pomtest" name="f" time="13.684"/>
</testsuite> <!-- CollectionsFrameworkPractice.Pomtest -->
