<?xml version="1.0" encoding="UTF-8"?>
<!-- Generated by org.testng.reporters.JUnitReportReporter -->
<testsuite hostname="DESKTOP-M8RIVEK" failures="0" tests="3" name="CollectionsFrameworkPractice.SetPractice" time="0.032" errors="0" timestamp="02 Jan 2019 10:28:43 GMT" skipped="0">
  <testcase classname="CollectionsFrameworkPractice.SetPractice" name="TreeSetPractice" time="0.023"/>
  <testcase classname="CollectionsFrameworkPractice.SetPractice" name="hashhSetPractice" time="0.004"/>
  <testcase classname="CollectionsFrameworkPractice.SetPractice" name="linkedHashsetPractice" time="0.005"/>
</testsuite> <!-- CollectionsFrameworkPractice.SetPractice -->
