<?xml version="1.0" encoding="UTF-8"?>
<!-- Generated by org.testng.reporters.JUnitReportReporter -->
<testsuite hostname="DESKTOP-M8RIVEK" failures="0" tests="1" name="CollectionsFrameworkPractice.WebdriverListenerClass" time="436.839" errors="0" timestamp="30 Jan 2019 22:02:36 GMT" skipped="0">
  <testcase classname="CollectionsFrameworkPractice.WebdriverListenerClass" name="webDrListener" time="436.839"/>
</testsuite> <!-- CollectionsFrameworkPractice.WebdriverListenerClass -->
