<?xml version="1.0" encoding="UTF-8"?>
<!-- Generated by org.testng.reporters.JUnitReportReporter -->
<testsuite hostname="DESKTOP-M8RIVEK" failures="0" tests="1" name="main.LogIn" time="26.436" errors="0" timestamp="26 Jan 2019 19:07:30 GMT" skipped="0">
  <testcase classname="main.LogIn" name="f" time="26.436"/>
</testsuite> <!-- main.LogIn -->
